
> grievance-backend@1.0.0 start
> nodemon app.js

[33m[nodemon] 2.0.22[39m
[33m[nodemon] to restart at any time, enter `rs`[39m
[33m[nodemon] watching path(s): *.*[39m
[33m[nodemon] watching extensions: js,mjs,json[39m
[32m[nodemon] starting `node app.js`[39m
C:\Users\user\Documents\complain\municipal-complain-bf\server\routes\admin.js:43
router.patch('/officers/:id', updateOfficer);
                              ^

ReferenceError: updateOfficer is not defined
    at Object.<anonymous> (C:\Users\user\Documents\complain\municipal-complain-bf\server\routes\admin.js:43:31)
    at Module._compile (node:internal/modules/cjs/loader:1730:14)
    at Object..js (node:internal/modules/cjs/loader:1895:10)
    at Module.load (node:internal/modules/cjs/loader:1465:32)
    at Function._load (node:internal/modules/cjs/loader:1282:12)
    at TracingChannel.traceSync (node:diagnostics_channel:322:14)
    at wrapModuleLoad (node:internal/modules/cjs/loader:235:24)
    at Module.require (node:internal/modules/cjs/loader:1487:12)
    at require (node:internal/modules/helpers:135:16)
    at Object.<anonymous> (C:\Users\user\Documents\complain\municipal-complain-bf\server\app.js:44:21)
    at Module._compile (node:internal/modules/cjs/loader:1730:14)
    at Object..js (node:internal/modules/cjs/loader:1895:10)
    at Module.load (node:internal/modules/cjs/loader:1465:32)
    at Function._load (node:internal/modules/cjs/loader:1282:12)
    at TracingChannel.traceSync (node:diagnostics_channel:322:14)
    at wrapModuleLoad (node:internal/modules/cjs/loader:235:24)

Node.js v22.16.0
[31m[nodemon] app crashed - waiting for file changes before starting...[39m
[32m[nodemon] restarting due to changes...[39m
[32m[nodemon] starting `node app.js`[39m
mongoose: the method name "validate" is used by mongoose internally, overwriting it may cause bugs. If you're sure you know what you're doing, you can suppress this error by using `schema.method('validate', fn, { suppressWarning: true })`.
Server is listening on port 3000...
🔄 Serveur redémarré : 10:22:07
